<?xml version="1.0" encoding="UTF-8"?>
<testsuite xmlns:xsi="http://www.w3.org/2001/XMLSchema-instance" xsi:schemaLocation="https://maven.apache.org/surefire/maven-surefire-plugin/xsd/surefire-test-report.xsd" name="com.makotojava.learn.odot.dao.CategoryDaoTest$CategoryDaoEmptyDbScenariosTest" time="2.95" tests="3" errors="0" skipped="0" failures="0">
  <properties>
[...]
</properties>
  <testcase name="findByName" classname="com.makotojava.learn.odot.dao.CategoryDaoTest$CategoryDaoEmptyDbScenariosTest" time="0.577"/>
  <testcase name="findAll" classname="com.makotojava.learn.odot.dao.CategoryDaoTest$CategoryDaoEmptyDbScenariosTest" time="0.513"/>
  <testcase name="findById" classname="com.makotojava.learn.odot.dao.CategoryDaoTest$CategoryDaoEmptyDbScenariosTest" time="0.511"/>
</testsuite>